log_date log_time id url status start end size err
2021/03/03 23:49:54 ca29a9b6 wixsite.com <nil> 1614844194286409000 1614844194343106000 <nil> Get "https://wixsite.com": dial tcp: lookup wixsite.com: no such host
2021/03/03 23:49:54 6d97229f godaddy.com <nil> 1614844194286443000 1614844194913683000 <nil> Get "https://godaddy.com": read tcp 192.168.1.47:53828->208.109.192.70:443: read: connection reset by peer
2021/03/03 23:49:55 91fc303b youtube-nocookie.com <nil> 1614844194286647000 1614844195015445000 <nil> Get "https://youtube-nocookie.com": x509: certificate is valid for *.google.com, *.android.com, *.appengine.google.com, *.bdn.dev, *.cloud.google.com, *.crowdsource.google.com, *.datacompute.google.com, *.flash.android.com, *.g.co, *.gcp.gvt2.com, *.gcpcdn.gvt1.com, *.ggpht.cn, *.gkecnapps.cn, *.google-analytics.com, *.google.ca, *.google.cl, *.google.co.in, *.google.co.jp, *.google.co.uk, *.google.com.ar, *.google.com.au, *.google.com.br, *.google.com.co, *.google.com.mx, *.google.com.tr, *.google.com.vn, *.google.de, *.google.es, *.google.fr, *.google.hu, *.google.it, *.google.nl, *.google.pl, *.google.pt, *.googleadapis.com, *.googleapis.cn, *.googlecnapps.cn, *.googlecommerce.com, *.googlevideo.com, *.gstatic.cn, *.gstatic.com, *.gstaticcnapps.cn, *.gvt1.com, *.gvt2.com, *.metric.gstatic.com, *.urchin.com, *.url.google.com, *.wear.gkecnapps.cn, *.youtube-nocookie.com, *.youtube.com, *.youtubeeducation.com, *.youtubekids.com, *.yt.be, *.ytimg.com, android.clients.google.com, android.com, developer.android.google.cn, developers.android.google.cn, g.co, ggpht.cn, gkecnapps.cn, goo.gl, google-analytics.com, google.com, googlecnapps.cn, googlecommerce.com, source.android.google.cn, urchin.com, www.goo.gl, youtu.be, youtube.com, youtubeeducation.com, youtubekids.com, yt.be, not youtube-nocookie.com
2021/03/03 23:49:55 0985cb02 nasa.gov <nil> 1614844194286397000 1614844195017508000 <nil> Get "https://nasa.gov": x509: certificate signed by unknown authority
2021/03/03 23:49:55 777a68ea amazonaws.com <nil> 1614844194286750000 1614844195094090000 <nil> Get "https://amazonaws.com": dial tcp 207.171.166.22:443: connect: connection refused
2021/03/03 23:49:55 027681b3 wsj.com 404 1614844194286585000 1614844195100085000 798523 <nil>
2021/03/03 23:49:55 4ae6327e bitly.com 200 1614844194286366000 1614844195119057000 49616 <nil>
2021/03/03 23:49:55 1919b5f4 httpd.apache.org 200 1614844194286412000 1614844195119011000 9708 <nil>
2021/03/03 23:49:55 5915ba89 wordpress.com 200 1614844194286298000 1614844195097188000 214313 <nil>
2021/03/03 23:49:55 84ad4ff9 validator.w3.org 200 1614844194286327000 1614844195131892000 27142 <nil>
2021/03/03 23:49:55 547ae6ab wp.com 200 1614844194286662000 1614844195134262000 214313 <nil>
2021/03/03 23:49:55 6cd699a8 support.mozilla.org 200 1614844194286681000 1614844195199058000 37932 <nil>
2021/03/03 23:49:55 cd4c895a accounts.google.com 200 1614844194286641000 1614844195167728000 71935 <nil>
2021/03/03 23:49:55 1de3cccc bit.ly 200 1614844194286373000 1614844195205225000 49616 <nil>
2021/03/03 23:49:55 d2313e0e soundcloud.com 200 1614844194286644000 1614844195207547000 12533 <nil>
2021/03/03 23:49:55 4d735668 wendyssubway.com 200 1614844194286453000 1614844195213784000 10467 <nil>
2021/03/03 23:49:55 478a75f0 apache.org 200 1614844194286618000 1614844195119153000 86992 <nil>
2021/03/03 23:49:55 a52e0df4 drive.google.com 200 1614844194286472000 1614844195208659000 72328 <nil>
2021/03/03 23:49:55 28d7078c policies.google.com 200 1614844194286655000 1614844195165830000 182980 <nil>
2021/03/03 23:49:55 8d452a5c sourceforge.net 200 1614844194286495000 1614844195194616000 157881 <nil>
2021/03/03 23:49:55 c6fd97be europa.eu 200 1614844194286503000 1614844195314998000 11701 <nil>
2021/03/03 23:49:55 b856ee8c sciencedirect.com 403 1614844194286306000 1614844195152545000 708109 <nil>
2021/03/03 23:49:55 3387ab1b developers.google.com 200 1614844194286309000 1614844195405184000 131413 <nil>
2021/03/03 23:49:55 4b04819d play.google.com 200 1614844194286288000 1614844195144866000 1141812 <nil>
2021/03/03 23:49:55 4a7fdd91 harvard.edu 200 1614844194286689000 1614844195460077000 162161 <nil>
2021/03/03 23:49:55 f3e401aa cloudfront.net <nil> 1614844194286618000 1614844195670747000 <nil> Get "https://cloudfront.net": dial tcp: lookup cloudfront.net: no such host
2021/03/03 23:49:55 8b41a9bf bbc.com 200 1614844194286592000 1614844195627998000 295744 <nil>
2021/03/03 23:49:55 4ccffe85 apple.com 200 1614844194286160000 1614844195779637000 73309 <nil>
2021/03/03 23:49:55 05fd366e doi.org 200 1614844194286889000 1614844195790626000 7453 <nil>
2021/03/03 23:49:55 701b156f youku.com 200 1614844194286595000 1614844195536936000 312794 <nil>
2021/03/03 23:49:55 8a68c47e weebly.com 200 1614844194286385000 1614844195831453000 122781 <nil>
2021/03/03 23:49:55 b5307912 cloudflare.com 200 1614844194286548000 1614844195871101000 134058 <nil>
2021/03/03 23:49:55 5e535f76 ibm.com 200 1614844194286674000 1614844195894520000 94823 <nil>
2021/03/03 23:49:55 5d98e044 google.com 200 1614844194285534000 1614844195905713000 13595 <nil>
2021/03/03 23:49:55 b040ace3 wiley.com 403 1614844194286363000 1614844195919950000 919 <nil>
2021/03/03 23:49:55 f02f741d berkeley.edu 200 1614844194286630000 1614844195935852000 52195 <nil>
2021/03/03 23:49:55 af6aceb4 tools.google.com 200 1614844194286598000 1614844195892243000 224499 <nil>
2021/03/03 23:49:55 f629ed8e telegraph.co.uk 200 1614844194286325000 1614844195920026000 264555 <nil>
2021/03/03 23:49:55 1fa0dd8d reuters.com 200 1614844194286559000 1614844195945705000 207921 <nil>
2021/03/03 23:49:55 a73e0281 googletagmanager.com 400 1614844194286158000 1614844195979996000 1555 <nil>
2021/03/03 23:49:55 6726b688 itunes.apple.com 200 1614844194286290000 1614844195995176000 64783 <nil>
2021/03/03 23:49:56 3a44bd8a independent.co.uk 200 1614844194286562000 1614844195975819000 322533 <nil>
2021/03/03 23:49:56 48c57bc4 surveymonkey.com 200 1614844194286581000 1614844196016695000 145025 <nil>
2021/03/03 23:49:56 7a8401eb oracle.com 200 1614844194286428000 1614844196030826000 26821 <nil>
2021/03/03 23:49:56 8079c961 ted.com 200 1614844194286611000 1614844196016673000 206772 <nil>
2021/03/03 23:49:56 349e756f themeforest.net 200 1614844194286344000 1614844195984707000 493837 <nil>
2021/03/03 23:49:56 cf9a407f live.com 200 1614844194286314000 1614844196040580000 36621 <nil>
2021/03/03 23:49:56 0ad7140a bing.com 200 1614844194286616000 1614844196004888000 68348 <nil>
2021/03/03 23:49:56 d26623b8 msn.com 200 1614844194286534000 1614844196069936000 49747 <nil>
2021/03/03 23:49:56 99a19bb5 sites.google.com 200 1614844194286741000 1614844196069864000 72244 <nil>
2021/03/03 23:49:56 6bf4f3f8 researchgate.net 200 1614844194286666000 1614844196088235000 36583 <nil>
2021/03/03 23:49:56 81fe6d22 aol.com 200 1614844194286572000 1614844196026292000 930194 <nil>
2021/03/03 23:49:56 62000e0c github.io 200 1614844194286649000 1614844196115817000 14374 <nil>
2021/03/03 23:49:56 c78fa4d4 maps.google.com 200 1614844194286293000 1614844196119454000 45571 <nil>
2021/03/03 23:49:56 73f4ce90 mit.edu 200 1614844194286649000 1614844196137335000 35205 <nil>
2021/03/03 23:49:56 b410a32a goo.gl 200 1614844194286295000 1614844196115854000 243532 <nil>
2021/03/03 23:49:56 eb2fe42b bloomberg.com 200 1614844194286699000 1614844196163448000 10940 <nil>
2021/03/03 23:49:56 02c143b7 usatoday.com 200 1614844194286411000 1614844196180434000 140659 <nil>
2021/03/03 23:49:56 e2e92fd9 hugedomains.com 200 1614844194286597000 1614844196187635000 20010 <nil>
2021/03/03 23:49:56 656c1913 forbes.com 200 1614844194286539000 1614844196180397000 415360 <nil>
2021/03/03 23:49:56 d11aaa41 cnn.com 200 1614844194286715000 1614844196180395000 1129343 <nil>
2021/03/03 23:49:56 db813a6e opera.com 200 1614844194286675000 1614844196227146000 87745 <nil>
2021/03/03 23:49:56 90199e53 wired.com 200 1614844194286579000 1614844196187655000 742196 <nil>
2021/03/03 23:49:56 7ea185ee support.microsoft.com 200 1614844194286527000 1614844196280869000 117386 <nil>
2021/03/03 23:49:56 c2dd25c1 eventbrite.com 200 1614844194286414000 1614844196305041000 279543 <nil>
2021/03/03 23:49:56 f174f1a8 nginx.com 200 1614844194286589000 1614844196331726000 99262 <nil>
2021/03/03 23:49:56 fb433eb6 wix.com <nil> 1614844194286675000 1614844196357692000 <nil> Get "https://www.wix.com/": stream error: stream ID 1; INTERNAL_ERROR
2021/03/03 23:49:56 fbaeec39 apps.apple.com 200 1614844194286582000 1614844196350271000 150121 <nil>
2021/03/03 23:49:56 da931380 mysql.com 200 1614844194286456000 1614844196362922000 27784 <nil>
2021/03/03 23:49:56 0d9ffd86 ec.europa.eu 200 1614844194286736000 1614844196380082000 7506 <nil>
2021/03/03 23:49:56 529435d1 linkedin.com 200 1614844194286300000 1614844196401496000 81656 <nil>
2021/03/03 23:49:56 a64effbc stanford.edu 200 1614844194286687000 1614844196436286000 72269 <nil>
2021/03/03 23:49:56 3692ccc1 imdb.com 200 1614844194286623000 1614844196461430000 438429 <nil>
2021/03/03 23:49:56 76d1c518 go.microsoft.com 200 1614844194286467000 1614844196441378000 232604 <nil>
2021/03/03 23:49:56 57331075 cdc.gov 200 1614844194286566000 1614844196437667000 154234 <nil>
2021/03/03 23:49:56 8ac253f2 huffingtonpost.com 200 1614844194286352000 1614844196449082000 361610 <nil>
2021/03/03 23:49:56 5ed85045 virginmedia.com 200 1614844194286469000 1614844196268011000 310565 <nil>
2021/03/03 23:49:56 4cb277db theguardian.com 200 1614844194286679000 1614844196465999000 918185 <nil>
2021/03/03 23:49:56 cb29848a nytimes.com 200 1614844194286625000 1614844196493527000 1370222 <nil>
2021/03/03 23:49:56 bf3b3226 gc.ca 200 1614844194286637000 1614844196553054000 9055 <nil>
2021/03/03 23:49:56 4b986ea1 microsoft.com 200 1614844194286272000 1614844196559950000 225685 <nil>
2021/03/03 23:49:56 08c051d9 free.fr 200 1614844194286318000 1614844196572409000 133872 <nil>
2021/03/03 23:49:56 896f2f37 dailymotion.com 200 1614844194286689000 1614844196586542000 70086 <nil>
2021/03/03 23:49:56 30eb92c7 en.wikipedia.org 200 1614844194285441000 1614844196605463000 81587 <nil>
2021/03/03 23:49:56 f853c99c t.co 200 1614844194286504000 1614844196620338000 3367 <nil>
2021/03/03 23:49:56 279c37ec forms.gle 400 1614844194286349000 1614844196627705000 9254 <nil>
2021/03/03 23:49:56 433f388a blogger.com 200 1614844194286422000 1614844196612111000 94478 <nil>
2021/03/03 23:49:56 ceabafbc un.org 200 1614844194286459000 1614844196635024000 11707 <nil>
2021/03/03 23:49:56 27726705 list-manage.com <nil> 1614844194286394000 1614844196641611000 <nil> Get "https://list-manage.com": x509: certificate is valid for *.mailchimp.com, mailchimp.com, not list-manage.com
2021/03/03 23:49:56 a35ed359 youtube.com 200 1614844194286300000 1614844196078604000 569715 <nil>
2021/03/03 23:49:56 64f4d07d commons.wikimedia.org 200 1614844194286328000 1614844196620365000 175156 <nil>
2021/03/03 23:49:56 9fe4f739 tinyurl.com 200 1614844194286466000 1614844196709215000 4490 <nil>
2021/03/03 23:49:56 3f994aa4 nih.gov 200 1614844194286441000 1614844196732073000 68434 <nil>
2021/03/03 23:49:56 d48f2bd3 debian.org 200 1614844194286604000 1614844196743295000 14397 <nil>
2021/03/03 23:49:56 8fabe5a7 gnu.org 200 1614844194286605000 1614844196746526000 32240 <nil>
2021/03/03 23:49:56 9ef79a0f who.int 200 1614844194286751000 1614844196723693000 125453 <nil>
2021/03/03 23:49:56 5b41b2da php.net 200 1614844194286423000 1614844196800817000 44238 <nil>
2021/03/03 23:49:56 472cf96a blogspot.com 200 1614844194286301000 1614844196795871000 94478 <nil>
2021/03/03 23:49:56 690583b1 medium.com 200 1614844194286725000 1614844196819064000 60477 <nil>
2021/03/03 23:49:56 42bdc727 businessinsider.com 200 1614844194286321000 1614844196817738000 388328 <nil>
2021/03/03 23:49:56 60114ae7 amazon.co.uk 200 1614844194285388000 1614844196876680000 7053 <nil>
2021/03/03 23:49:56 10a4b2e8 w3.org 200 1614844194286611000 1614844196927972000 33350 <nil>
2021/03/03 23:49:56 6fee84c8 nature.com 200 1614844194286416000 1614844196927981000 182245 <nil>
2021/03/03 23:49:57 b2bc8696 npr.org 200 1614844194286420000 1614844196982537000 181842 <nil>
2021/03/03 23:49:57 bc0329dc vk.com 200 1614844194286387000 1614844197186277000 24061 <nil>
2021/03/03 23:49:57 774f2fdc bbc.co.uk 200 1614844194286749000 1614844196972069000 315573 <nil>
2021/03/03 23:49:57 4ab3c7c7 wikipedia.org 200 1614844194286303000 1614844197370668000 66728 <nil>
2021/03/03 23:49:57 cdcd2316 slideshare.net 200 1614844194286728000 1614844197413656000 104485 <nil>
2021/03/03 23:49:57 932656a8 mp.weixin.qq.com 200 1614844194286553000 1614844197599278000 43059 <nil>
2021/03/03 23:49:57 a1289aae reddit.com 200 1614844194286632000 1614844197085280000 741541 <nil>
2021/03/03 23:49:57 521bbb02 web.archive.org 200 1614844194286668000 1614844197778527000 96161 <nil>
2021/03/03 23:49:57 eea297e6 wikimedia.org 200 1614844194286698000 1614844197837225000 7463 <nil>
2021/03/03 23:49:57 c1bb6e01 i0.wp.com 400 1614844194286456000 1614844197909589000 49 <nil>
2021/03/03 23:49:57 094b03e3 qq.com 200 1614844194286506000 1614844197909544000 101462 <nil>
2021/03/03 23:49:57 af290219 archive.org 200 1614844194286724000 1614844197906827000 188153 <nil>
2021/03/03 23:49:57 80be47b5 mail.google.com 200 1614844194286565000 1614844197941402000 77160 <nil>
2021/03/03 23:49:57 9245b444 twitter.com 200 1614844194285613000 1614844197935828000 46328 <nil>
2021/03/03 23:49:57 dd1aa8d3 api.whatsapp.com 200 1614844194286472000 1614844197955209000 70253 <nil>
2021/03/03 23:49:58 44e6869c whatsapp.com 200 1614844194286618000 1614844197966622000 82790 <nil>
2021/03/03 23:49:58 62d14a69 cpanel.net 200 1614844194286361000 1614844198024188000 33884 <nil>
2021/03/03 23:49:58 bb27f843 cpanel.com 200 1614844194286442000 1614844198027863000 33884 <nil>
2021/03/03 23:49:58 46185780 support.google.com 200 1614844194286475000 1614844197965549000 678914 <nil>
2021/03/03 23:49:58 168bcb40 www.ncbi.nlm.nih.gov 200 1614844194286743000 1614844198088177000 49603 <nil>
2021/03/03 23:49:58 caf47fdb addtoany.com 200 1614844194286341000 1614844198153229000 23677 <nil>
2021/03/03 23:49:58 0e14dc57 office.com 200 1614844194286306000 1614844198246351000 109670 <nil>
2021/03/03 23:49:58 62f6da4e adobe.com 200 1614844194286273000 1614844198273057000 128114 <nil>
2021/03/03 23:49:58 4c31b5e8 s3.amazonaws.com 200 1614844194286346000 1614844198343009000 81970 <nil>
2021/03/03 23:49:58 cd8616a6 dropbox.com 200 1614844194286742000 1614844198144038000 299252 <nil>
2021/03/03 23:49:58 1f8ca6d3 youtu.be 200 1614844194285353000 1614844197959603000 551188 <nil>
2021/03/03 23:49:58 619bc812 instagram.com 429 1614844194286293000 1614844198412808000 20776 <nil>
2021/03/03 23:49:58 7be81b81 yelp.com 200 1614844194286321000 1614844198256330000 162115 <nil>
2021/03/03 23:49:58 f5a2d751 etsy.com 200 1614844194286357000 1614844198419569000 246900 <nil>
2021/03/03 23:49:58 914400f9 www.gov.uk 200 1614844194286427000 1614844198468404000 41871 <nil>
2021/03/03 23:49:58 17d42385 springer.com 200 1614844194286449000 1614844198535766000 36133 <nil>
2021/03/03 23:49:58 4e1290a3 hp.com 200 1614844194286574000 1614844198604975000 430697 <nil>
2021/03/03 23:49:58 f8eeab03 creativecommons.org 200 1614844194286718000 1614844198570374000 90447 <nil>
2021/03/03 23:49:58 909ce3a7 amzn.to 200 1614844194286339000 1614844198412720000 477198 <nil>
2021/03/03 23:49:58 73ca2448 windows.microsoft.com 200 1614844194286304000 1614844198781079000 172698 <nil>
2021/03/03 23:49:58 52b2e977 sina.com.cn 200 1614844194286358000 1614844198830331000 536739 <nil>
2021/03/03 23:49:59 d6b703f2 nginx.org 200 1614844194286330000 1614844199001230000 7768 <nil>
2021/03/03 23:50:00 8cb42ff9 plus.google.com 200 1614844194285412000 1614844200818924000 71991 <nil>
2021/03/03 23:50:01 20f5f10a latimes.com 200 1614844194286325000 1614844201029737000 407988 <nil>
2021/03/03 23:50:01 9d70565f bp.blogspot.com <nil> 1614844194286468000 1614844201842422000 <nil> Get "https://bp.blogspot.com": dial tcp: lookup bp.blogspot.com: no such host
2021/03/03 23:50:02 2d4fd323 github.com 200 1614844194286375000 1614844202011178000 205393 <nil>
2021/03/03 23:50:02 7203795b sitemaps.org <nil> 1614844194286366000 1614844202071615000 <nil> Get "https://sitemaps.org": x509: certificate is valid for *.oneroute.microsoft.com, oneroute.microsoft.com, not sitemaps.org
2021/03/03 23:50:02 46d41cf7 wordpress.org 200 1614844194286379000 1614844202133421000 38705 <nil>
2021/03/03 23:50:02 38649c4d docs.google.com 200 1614844194286388000 1614844202191777000 71898 <nil>
2021/03/03 23:50:02 3f1e5b87 about.com 200 1614844194286391000 1614844202336401000 59441 <nil>
2021/03/03 23:50:02 22b23a87 mozilla.org 200 1614844194286394000 1614844202348000000 124795 <nil>
2021/03/03 23:50:02 224c526a nationalgeographic.com 200 1614844194286388000 1614844202347997000 324553 <nil>
2021/03/03 23:50:02 422aac81 statcounter.com 200 1614844194286378000 1614844202432129000 28464 <nil>
2021/03/03 23:50:02 8c91724a taobao.com <nil> 1614844194286454000 1614844202454864000 <nil> Get "https://taobao.com": EOF
2021/03/03 23:50:02 bbc3957e ietf.org 200 1614844194286359000 1614844202474145000 26068 <nil>
2021/03/03 23:50:02 6173f08e issuu.com 200 1614844194286404000 1614844202376977000 79044 <nil>
2021/03/03 23:50:02 6c7152da loc.gov 200 1614844194286406000 1614844202506719000 175132 <nil>
2021/03/03 23:50:02 8800e287 jimdo.com 200 1614844194286398000 1614844202519855000 204118 <nil>
2021/03/03 23:50:02 c3718c66 yahoo.com 200 1614844194286391000 1614844202369381000 511899 <nil>
2021/03/03 23:50:02 d6f3cea4 sohu.com 200 1614844194286381000 1614844202732021000 215127 <nil>
2021/03/03 23:50:03 f49e4042 amazon.com 200 1614844194286384000 1614844202475667000 485976 <nil>
2021/03/03 23:50:03 ad677bf3 behance.net 200 1614844194286395000 1614844203088186000 968503 <nil>
2021/03/03 23:50:03 3ce20e66 v.qq.com 200 1614844194286424000 1614844202839459000 993757 <nil>
2021/03/03 23:50:03 08a662af myspace.com 200 1614844194286399000 1614844203090525000 262595 <nil>
2021/03/03 23:50:03 d53e3a1c weibo.com 200 1614844194286407000 1614844203309794000 94816 <nil>
2021/03/03 23:50:03 79a5ba49 dailymail.co.uk 200 1614844194286392000 1614844203373085000 1703043 <nil>
2021/03/03 23:50:04 cbdd1955 paypal.com <nil> 1614844194286426000 1614844204292142000 <nil> Get "https://paypal.com": read tcp 192.168.1.47:54100->64.4.250.36:443: read: connection reset by peer
2021/03/03 23:50:06 f441ef0e washingtonpost.com 200 1614844194286573000 1614844205856991000 1103882 <nil>
2021/03/03 23:50:10 d59cf101 googleusercontent.com <nil> 1614844194286438000 1614844210206145000 <nil> Get "https://googleusercontent.com": dial tcp: lookup googleusercontent.com: no such host
2021/03/03 23:50:10 c1ce6852 i2.wp.com 400 1614844194286427000 1614844210361943000 49 <nil>
2021/03/03 23:50:10 5ce3880e i1.wp.com 400 1614844194286432000 1614844210361985000 49 <nil>
2021/03/03 23:50:10 eb2e6a75 parked-content.godaddy.com 404 1614844194286501000 1614844210398212000 72 <nil>
2021/03/03 23:50:10 3b797d1e chrome.google.com 200 1614844194286312000 1614844210409603000 224499 <nil>
2021/03/03 23:50:10 3894d356 imgur.com 200 1614844194286429000 1614844210438312000 6223 <nil>
2021/03/03 23:50:10 660cb5ce techcrunch.com 200 1614844194286435000 1614844210392188000 922295 <nil>
2021/03/03 23:50:10 f29cad2e time.com 200 1614844194286409000 1614844210440224000 161077 <nil>
2021/03/03 23:50:10 5947f00e m.facebook.com 200 1614844194286431000 1614844210510373000 12775 <nil>
2021/03/03 23:50:10 cdee6609 spotify.com 200 1614844194286682000 1614844210503949000 40921 <nil>
2021/03/03 23:50:10 a5875f14 facebook.com 200 1614844194285395000 1614844210486259000 139230 <nil>
2021/03/03 23:50:10 fb686305 l.facebook.com 200 1614844194286463000 1614844210534031000 139231 <nil>
2021/03/03 23:50:10 e982ccf2 fpdownload.macromedia.com 200 1614844194286346000 1614844210559738000 72902 <nil>
2021/03/03 23:50:10 b0bf28e9 get.adobe.com 200 1614844194286506000 1614844210564873000 128114 <nil>
2021/03/03 23:50:10 44397fa4 washington.edu 200 1614844194286409000 1614844210582255000 62950 <nil>
2021/03/03 23:50:10 11bc11c3 open.spotify.com 200 1614844194286440000 1614844210621079000 35513 <nil>
2021/03/03 23:50:10 fa45375b cnet.com 200 1614844194286435000 1614844210605046000 334074 <nil>
2021/03/03 23:50:10 6853f355 vimeo.com 200 1614844194286270000 1614844210641025000 33460 <nil>
2021/03/03 23:50:10 abc9c67b player.vimeo.com 200 1614844194286381000 1614844210717301000 65127 <nil>
2021/03/03 23:50:10 fa61332e zoom.us 200 1614844194286437000 1614844210645342000 88844 <nil>
2021/03/03 23:50:10 cb3780ae gravatar.com 200 1614844194286498000 1614844210797188000 28268 <nil>
2021/03/03 23:50:10 9332b47e flickr.com 200 1614844194286469000 1614844210724237000 318800 <nil>
2021/03/03 23:50:10 bbd42103 pinterest.com 200 1614844194286265000 1614844210731743000 88875 <nil>
2021/03/03 23:50:10 3ed850bc wpa.qq.com 404 1614844194286658000 1614844210860088000 0 <nil>
2021/03/03 23:50:10 0591b80a w.soundcloud.com 403 1614844194286322000 1614844210906868000 2270 <nil>
2021/03/03 23:50:10 fa1e56ae cnbc.com 200 1614844194286425000 1614844210887528000 979953 <nil>
2021/03/03 23:50:11 2987e495 tumblr.com 200 1614844194286396000 1614844210970637000 37292 <nil>
2021/03/03 23:50:11 5093e81e digg.com 200 1614844194286362000 1614844210950134000 177435 <nil>
2021/03/03 23:50:24 a52a6061 xinhuanet.com <nil> 1614844194286586000 1614844224295534000 <nil> Get "https://xinhuanet.com": dial tcp 202.108.119.194:443: i/o timeout
2021/03/03 23:50:24 881577e0 macromedia.com <nil> 1614844194286651000 1614844224295578000 <nil> Get "https://macromedia.com": dial tcp 192.150.16.118:443: i/o timeout
2021/03/03 23:50:24 59d07b3c go.com <nil> 1614844194286347000 1614844224297538000 <nil> Get "https://go.com": dial tcp 23.236.60.174:443: i/o timeout
2021/03/03 23:50:24 2856ca8d 163.com <nil> 1614844194286418000 1614844224302352000 <nil> Get "https://163.com": dial tcp 123.58.180.7:443: i/o timeout
2021/03/03 23:50:24 16844f02 beian.gov.cn <nil> 1614844194286451000 1614844224305815000 <nil> Get "https://beian.gov.cn": dial tcp 74.86.3.208:443: i/o timeout
2021/03/03 23:51:39 806748e9 homes.cs.washington.edu/~toddmeng 200 1614844299302250000 1614844299669000000 6182 <nil>
